<?xml version="1.0" encoding="UTF-8"?>
<!-- Generated by org.testng.reporters.JUnitXMLReporter -->
CardOriginationVikas07072022
<testsuite ignored="0" hostname="NPR11007" failures="0" tests="1" name="Default test" time="36.449" errors="0" timestamp="2022-07-07T15:56:59 IST">
  <testcase classname="testcases.IcustCardOriginationTestCase" name="runKYCBranchVerification" time="27.643"/>

<testsuite ignored="0" hostname="NPR5004" failures="0" tests="1" name="Default test" time="111.03" errors="0" timestamp="2022-07-07T14:58:23 IST">
  <testcase classname="testcases.maintenaceScreenTestcases.IcustEntityMaintenanceAddEditDelete0002" name="runEntityMaintenanceTestcase" time="97.937"/>
main
</testsuite> <!-- Default test -->
