<?xml version="1.0" encoding="UTF-8"?>
<testng-results ignored="0" total="1" passed="1" failed="0" skipped="0">
  <reporter-output>
  </reporter-output>
  <suite started-at="2022-06-21T14:49:30 IST" name="Default suite" finished-at="2022-06-21T14:50:33 IST" duration-ms="63095">
    <groups>
    </groups>
    <test started-at="2022-06-21T14:49:30 IST" name="Default test" finished-at="2022-06-21T14:50:33 IST" duration-ms="63095">
      <class name="testcases.IcustKioskCashWithdrawal_TC002">
        <test-method is-config="true" signature="launchApplication()[pri:0, instance:testcases.IcustKioskCashWithdrawal_TC002@f78a47e]" started-at="2022-06-21T14:49:30 IST" name="launchApplication" finished-at="2022-06-21T14:49:39 IST" duration-ms="8998" status="PASS">
          <reporter-output>
          </reporter-output>
        </test-method> <!-- launchApplication -->
        <test-method signature="runIcustKioskLogin()[pri:0, instance:testcases.IcustKioskCashWithdrawal_TC002@f78a47e]" started-at="2022-06-21T14:49:39 IST" name="runIcustKioskLogin" finished-at="2022-06-21T14:50:33 IST" duration-ms="53681" status="PASS">
          <reporter-output>
          </reporter-output>
        </test-method> <!-- runIcustKioskLogin -->
        <test-method is-config="true" signature="closeBrowser()[pri:0, instance:testcases.IcustKioskCashWithdrawal_TC002@f78a47e]" started-at="2022-06-21T14:50:33 IST" name="closeBrowser" finished-at="2022-06-21T14:50:33 IST" duration-ms="364" status="PASS">
          <reporter-output>
          </reporter-output>
        </test-method> <!-- closeBrowser -->
      </class> <!-- testcases.IcustKioskCashWithdrawal_TC002 -->
    </test> <!-- Default test -->
  </suite> <!-- Default suite -->
</testng-results>
